<?xml version="1.0" encoding="UTF-8"?>
<!-- Generated by org.testng.reporters.JUnitReportReporter -->
<testsuite skipped="0" hostname="DESKTOP-CN98629" name="testRun.TestRunnerTestNG" tests="1" failures="0" timestamp="2020-06-22T16:12:30 IST" time="16.665" errors="0">
  <testcase name="runScenario" time="16.665" classname="testRun.TestRunnerTestNG"/>
  <system-out/>
</testsuite> <!-- testRun.TestRunnerTestNG -->
