<?xml version="1.0" encoding="UTF-8"?>
<!-- Generated by org.testng.reporters.JUnitReportReporter -->
<testsuite skipped="0" hostname="DESKTOP-CN98629" name="testRun.TestRunnerTestNG" tests="1" failures="0" timestamp="2020-06-24T19:28:38 IST" time="12.735" errors="0">
  <testcase name="runScenario" time="12.735" classname="testRun.TestRunnerTestNG"/>
  <system-out/>
</testsuite> <!-- testRun.TestRunnerTestNG -->
